2022-07-15 18:53:34.930  INFO 6721 --- [restartedMain] c.e.libraryapi.LibraryApiApplication     : Starting LibraryApiApplication using Java 11.0.15 on caio-PC with PID 6721 (/media/caio/DATA/Google Drive/Estudos/TDD/library-api/target/classes started by caio in /media/caio/DATA/Google Drive/Estudos/TDD/library-api)
2022-07-15 18:53:34.934  INFO 6721 --- [restartedMain] c.e.libraryapi.LibraryApiApplication     : No active profile set, falling back to 1 default profile: "default"
2022-07-15 18:53:34.979  INFO 6721 --- [restartedMain] .e.DevToolsPropertyDefaultsPostProcessor : Devtools property defaults active! Set 'spring.devtools.add-properties' to 'false' to disable
2022-07-15 18:53:34.979  INFO 6721 --- [restartedMain] .e.DevToolsPropertyDefaultsPostProcessor : For additional web related logging consider setting the 'logging.level.web' property to 'DEBUG'
2022-07-15 18:53:35.759  INFO 6721 --- [restartedMain] .s.d.r.c.RepositoryConfigurationDelegate : Bootstrapping Spring Data JPA repositories in DEFAULT mode.
2022-07-15 18:53:35.822  INFO 6721 --- [restartedMain] .s.d.r.c.RepositoryConfigurationDelegate : Finished Spring Data repository scanning in 54 ms. Found 2 JPA repository interfaces.
2022-07-15 18:53:36.285  INFO 6721 --- [restartedMain] o.s.b.w.embedded.tomcat.TomcatWebServer  : Tomcat initialized with port(s): 8080 (http)
2022-07-15 18:53:36.292  INFO 6721 --- [restartedMain] o.apache.catalina.core.StandardService   : Starting service [Tomcat]
2022-07-15 18:53:36.292  INFO 6721 --- [restartedMain] org.apache.catalina.core.StandardEngine  : Starting Servlet engine: [Apache Tomcat/9.0.64]
2022-07-15 18:53:36.334  INFO 6721 --- [restartedMain] o.a.c.c.C.[Tomcat].[localhost].[/]       : Initializing Spring embedded WebApplicationContext
2022-07-15 18:53:36.334  INFO 6721 --- [restartedMain] w.s.c.ServletWebServerApplicationContext : Root WebApplicationContext: initialization completed in 1354 ms
2022-07-15 18:53:36.422  INFO 6721 --- [restartedMain] com.zaxxer.hikari.HikariDataSource       : HikariPool-1 - Starting...
2022-07-15 18:53:36.585  INFO 6721 --- [restartedMain] com.zaxxer.hikari.HikariDataSource       : HikariPool-1 - Start completed.
2022-07-15 18:53:36.593  INFO 6721 --- [restartedMain] o.s.b.a.h2.H2ConsoleAutoConfiguration    : H2 console available at '/h2-console'. Database available at 'jdbc:h2:mem:da35d7af-303f-47e4-b1e1-403ffb5d35a1'
2022-07-15 18:53:36.718  INFO 6721 --- [restartedMain] o.hibernate.jpa.internal.util.LogHelper  : HHH000204: Processing PersistenceUnitInfo [name: default]
2022-07-15 18:53:36.767  INFO 6721 --- [restartedMain] org.hibernate.Version                    : HHH000412: Hibernate ORM core version 5.6.9.Final
2022-07-15 18:53:36.907  INFO 6721 --- [restartedMain] o.hibernate.annotations.common.Version   : HCANN000001: Hibernate Commons Annotations {5.1.2.Final}
2022-07-15 18:53:37.009  INFO 6721 --- [restartedMain] org.hibernate.dialect.Dialect            : HHH000400: Using dialect: org.hibernate.dialect.H2Dialect
2022-07-15 18:53:37.516  INFO 6721 --- [restartedMain] o.h.e.t.j.p.i.JtaPlatformInitiator       : HHH000490: Using JtaPlatform implementation: [org.hibernate.engine.transaction.jta.platform.internal.NoJtaPlatform]
2022-07-15 18:53:37.521  INFO 6721 --- [restartedMain] j.LocalContainerEntityManagerFactoryBean : Initialized JPA EntityManagerFactory for persistence unit 'default'
2022-07-15 18:53:37.899  WARN 6721 --- [restartedMain] JpaBaseConfiguration$JpaWebConfiguration : spring.jpa.open-in-view is enabled by default. Therefore, database queries may be performed during view rendering. Explicitly configure spring.jpa.open-in-view to disable this warning
2022-07-15 18:53:38.754  INFO 6721 --- [restartedMain] o.s.b.d.a.OptionalLiveReloadServer       : LiveReload server is running on port 35729
2022-07-15 18:53:38.757  INFO 6721 --- [restartedMain] o.s.b.a.e.web.EndpointLinksResolver      : Exposing 14 endpoint(s) beneath base path '/actuator'
2022-07-15 18:53:38.786  INFO 6721 --- [restartedMain] o.s.b.w.embedded.tomcat.TomcatWebServer  : Tomcat started on port(s): 8080 (http) with context path ''
2022-07-15 18:53:38.800  INFO 6721 --- [restartedMain] c.e.libraryapi.LibraryApiApplication     : Started LibraryApiApplication in 4.182 seconds (JVM running for 4.544)
2022-07-15 18:53:39.017  INFO 6721 --- [registrationTask1] d.c.b.a.c.r.ApplicationRegistrator       : Application registered itself as 88906f02dcef
2022-07-15 18:53:39.041  INFO 6721 --- [http-nio-8080-exec-1] o.a.c.c.C.[Tomcat].[localhost].[/]       : Initializing Spring DispatcherServlet 'dispatcherServlet'
2022-07-15 18:53:39.041  INFO 6721 --- [http-nio-8080-exec-1] o.s.web.servlet.DispatcherServlet        : Initializing Servlet 'dispatcherServlet'
2022-07-15 18:53:39.042  INFO 6721 --- [http-nio-8080-exec-1] o.s.web.servlet.DispatcherServlet        : Completed initialization in 1 ms
